Qflow migration logfile created on Tue Dec 10 20:43:18 MST 2024
magic -dnull -noconsole  migrate_up_counter.tcl

Magic 8.3 revision 50 - Compiled on Sat Dec  7 10:28:24 MST 2024.
Starting magic under Tcl interpreter
Using the terminal as the console.
Using NULL graphics device.
Processing system .magicrc file
Input style lambda=0.20(p): scaleFactor=20, multiplier=1
Contact size value ignored (using GDS generation rules).
Contact size value ignored (using GDS generation rules).
Contact size value ignored (using GDS generation rules).
Contact size value ignored (using GDS generation rules).
Contact size value ignored (using GDS generation rules).
Contact size value ignored (using GDS generation rules).
4 Magic internal units = 1 Lambda
Loading "migrate_up_counter.tcl" from command line.
Root cell box:
           width x height  (   llx,  lly  ), (   urx,  ury  )

microns:    0.00 x 0.00    (  0.00,  0.00 ), (  0.00,  0.00 )
lambda:     0.00 x 0.00    (  0.00,  0.00 ), (  0.00,  0.00 )
internal:      0 x 0       (     0,  0    ), (     0,  0    )
Reading LEF data from file /usr/local/share/qflow/tech/osu035/osu035_stdcells.lef.
This action cannot be undone.
LEF read, Line 16 (Message): Unknown keyword "OBS" in LEF file; ignoring.
LEF read, Line 17 (Message): Unknown keyword "PIN" in LEF file; ignoring.
LEF read: Processed 3179 lines.
Reading DEF data from file up_counter.def.
This action cannot be undone.
  Processed 3 vias total.
  Processed 82 subcell instances total.
  Processed 13 pins total.
  Processed 49 nets total.
DEF read, Line 757 (Warning): Number of nets read (8) does not match the number declared (9).
DEF read: Processed 758 lines.
DEF Read: encountered 1 warning total.
Generating LEF output up_counter.lef for cell up_counter:
Diagnostic:  Write LEF header for cell up_counter
Diagnostic:  Writing LEF output for cell up_counter
Diagnostic:  Scale value is 0.050000
Extracting AND2X2 into AND2X2.ext:
Completed 100%
Extracting NOR3X1 into NOR3X1.ext:
Completed 100%
Extracting AOI21X1 into AOI21X1.ext:
Completed 100%
Extracting OAI21X1 into OAI21X1.ext:
Completed 100%
Extracting NAND2X1 into NAND2X1.ext:
Completed 100%
Extracting BUFX2 into BUFX2.ext:
Completed 100%
Extracting INVX1 into INVX1.ext:
Completed 100%
Extracting NAND3X1 into NAND3X1.ext:
Completed 100%
Extracting NOR2X1 into NOR2X1.ext:
Completed 100%
Extracting XNOR2X1 into XNOR2X1.ext:
Completed 100%
Extracting INVX4 into INVX4.ext:
Completed 100%
Extracting FILL into FILL.ext:
Completed 100%
Extracting DFFSR into DFFSR.ext:
Completed 50%
Completed 75%
Completed 100%
Extracting up_counter into up_counter.ext:
Completed 6%
Completed 11%
Completed 17%
Completed 22%
Completed 28%
Completed 33%
Completed 39%
Completed 44%
Completed 50%
Completed 56%
Completed 61%
Completed 67%
Completed 72%
Completed 78%
Completed 83%
Completed 89%
Completed 94%
Completed 100%
exttospice finished.
Migration script ended on Tue Dec 10 20:43:18 MST 2024
