Qflow placement logfile created on Tue Dec 10 20:42:23 MST 2024
Running blif2cel to generate input files for graywolf
blif2cel.tcl --blif /home/ranjithd1998/vsdflow/vsdflow/rtl2gds_up_counter_try2/synthesis/up_counter.blif  --lef  /usr/local/share/qflow/tech/osu035/osu035_stdcells.lef --cel /home/ranjithd1998/vsdflow/vsdflow/rtl2gds_up_counter_try2/layout/up_counter.cel 
Opened BLIF file (/home/ranjithd1998/vsdflow/vsdflow/rtl2gds_up_counter_try2/synthesis/up_counter.blif) for reading ...
Opened CEL file (/home/ranjithd1998/vsdflow/vsdflow/rtl2gds_up_counter_try2/layout/up_counter.cel) for writing...
Loaded /usr/local/share/qflow/tech/osu035/osu035_stdcells.lef file for reading...
1st pass of blif file /home/ranjithd1998/vsdflow/vsdflow/rtl2gds_up_counter_try2/synthesis/up_counter.blif. . .
Reading macros and/or technology data from LEF file. . .
LEF file specifies route layer Y pitch as 2
LEF file specifies route layer X pitch as 1.6
Parsing macro AND2X2
Parsing macro AOI21X1
Parsing macro BUFX2
Parsing macro NOR3X1
Parsing macro INVX1
Parsing macro INVX4
Parsing macro NAND2X1
Parsing macro NAND3X1
Parsing macro NOR2X1
Parsing macro OAI21X1
Parsing macro XNOR2X1
Parsing macro DFFSR
2nd pass of blif file. . .
3rd pass of blif file. . .
Done!
No up_counter.cel1 file found for project. . . no partial blockages to apply to layout.
Preparing pin placement hints from up_counter.cel2
Running GrayWolf placement
graywolf  up_counter

twflow version:2.1 date:Mon May 25 21:15:08 EDT 1992
Authors: Bill Swartz, Carl Sechen
         Yale University

syntax version:v1.1 date:Mon May 25 21:11:10 EDT 1992
TimberWolf System Syntax Checker
Authors: Carl Sechen, Kai-Win Lee, Bill Swartz,
         Dahe Chen, and Jimmy Lam
         Yale University

Read   50 objects so far...
No syntax errors were found

syntax terminated normally with no errors and 0 warning[s]


----------------------------
Total stdcells     :45
Total cell width   :4.93e+04
Total cell height  :9.00e+04
Total cell area    :9.86e+07
Total core area    :9.86e+07
Average cell height:2.00e+03


nocut - replacement for Mincut version:v1.0 date:Mon May 25 21:09:40 EDT 1992
TimberWolf System Floorplan Setup Program
Authors: Carl Sechen, Bill Swartz,
         Yale University

Read   50 objects so far...
Splitting up_counter.cel into up_counter.scel and up_counter.mcel...
	done!


nocut - replacement for Mincut terminated normally with no errors and 0 warning[s]


TimberWolfMC version:v2.2 date:Mon May 25 21:18:34 EDT 1992
Authors: Carl Sechen, Bill Swartz, Kai-Win Lee
         Dahe Chen, and Jimmy Lam
         Yale University

config version:v1.0 date:Mon May 25 20:57:18 EDT 1992
Row configuration program
    Yale University


config switches:
	Graphics mode on
	config will inherit window



config terminated normally with no errors and 0 warning[s]


TimberWolfMC terminated normally with no errors and 0 warning[s]



TimberWolfSC switches:
	Graphics mode on
	TimberWolfSC will inherit window

TimberWolfSC version:v6.0 date:Mon May 25 21:19:07 EDT 1992
Row-Based Placement and Global Routing Program
Authors: Carl Sechen, Kai-Win Lee, and Bill Swartz,
         Yale University
  0 
  1   2   3   4   5   6   7   8   9  10  11  12  13  14  15 
 16  17  18  19  20  21  22  23  24  25  26  27  28  29  30 
 31  32  33  34  35  36  37  38  39  40  41  42  43  44  45 
 46  47  48  49  50  51  52  53  54  55  56  57  58  59  60 
 61  62  63  64  65  66  67  68  69  70  71  72  73  74  75 
 76  77  78  79  80  81  82  83  84  85  86  87  88  89  90 
 91  92  93  94  95  96  97  98  99 100 101 102 103 104 105 
106 107 108 109 110 111 112 113 114 115 116 117 118 119 120 
121 122 123 124 125 126 127 128 129 130 131 132 133 134 135 
136 137 138 139 140 141 142 143 144 145 146 147 148 149 150 
151 152 153 154 155 156 
 block left edge is at -399
 the longest block length is 10560
 building the steiner trees
 rebuilding the steiner tree

----start doing coarse global routing ------ 
 ITERATION  1

  longest Row is:5   Its length is:10080
 doing feed-through pins assignment
 building the net-tree now !
 set up the global routing grids
 the starting value of tracks =   25
 tracks =  23 at attempts =  1000
 removing redundant feed-through pins
 the connectivity of all the nets is verified

 block left edge is at -399
 the longest block length is 10560
 building the steiner trees
 rebuilding the steiner tree

----start doing coarse global routing ------ 
 ITERATION  1

  longest Row is:5   Its length is:10080
 doing feed-through pins assignment
 building the net-tree now !
 set up the global routing grids
 the starting value of tracks =   28
 tracks =  26 at attempts =  1000
 removing redundant feed-through pins
 the connectivity of all the nets is verified

 block left edge is at -399
 the longest block length is 10560
 building the steiner trees
 rebuilding the steiner tree

----start doing coarse global routing ------ 
 ITERATION  1

  longest Row is:5   Its length is:10080
 doing feed-through pins assignment
 building the net-tree now !
 set up the global routing grids
 the starting value of tracks =   24
 tracks =  23 at attempts =  1000
 removing redundant feed-through pins
 the connectivity of all the nets is verified

 block left edge is at -399
 the longest block length is 10560
 building the steiner trees
 rebuilding the steiner tree

----start doing coarse global routing ------ 
 ITERATION  1

  longest Row is:5   Its length is:10080
 doing feed-through pins assignment
 building the net-tree now !
 set up the global routing grids
 the starting value of tracks =   28
 tracks =  26 at attempts =  1000
 removing redundant feed-through pins
 the connectivity of all the nets is verified

 block left edge is at -399
 the longest block length is 10560
 building the steiner trees
 rebuilding the steiner tree

----start doing coarse global routing ------ 
 ITERATION  1

  longest Row is:5   Its length is:10080
 doing feed-through pins assignment
 building the net-tree now !
 set up the global routing grids
 the starting value of tracks =   24
 tracks =  23 at attempts =  1000
 removing redundant feed-through pins
 the connectivity of all the nets is verified

 block left edge is at -399
 the longest block length is 10560
 building the steiner trees
 rebuilding the steiner tree

----start doing coarse global routing ------ 
 ITERATION  1

  longest Row is:5   Its length is:10080
 doing feed-through pins assignment
 building the net-tree now !
 set up the global routing grids
 the starting value of tracks =   25
 tracks =  23 at attempts =  1000
 removing redundant feed-through pins
 the connectivity of all the nets is verified

 block left edge is at -399
 the longest block length is 10560
 building the steiner trees
 rebuilding the steiner tree

----start doing coarse global routing ------ 
 ITERATION  1

  longest Row is:5   Its length is:10080
 doing feed-through pins assignment
 building the net-tree now !
 set up the global routing grids
 the starting value of tracks =   27
 tracks =  24 at attempts =  1000
 removing redundant feed-through pins
 the connectivity of all the nets is verified

 block left edge is at -399
 the longest block length is 10560
 building the steiner trees
 rebuilding the steiner tree

----start doing coarse global routing ------ 
 ITERATION  1

  longest Row is:5   Its length is:10080
 doing feed-through pins assignment
 building the net-tree now !
 set up the global routing grids
 the starting value of tracks =   25
 tracks =  25 at attempts =  1000
 removing redundant feed-through pins
 the connectivity of all the nets is verified


***********************************************
*ACTUAL* FINAL NUMBER OF ROUTING TRACKS: 23
***********************************************


TimberWolfSC terminated normally with no errors and 0 warning[s]


twflow terminated normally with no errors and 0 warning[s]

Running getfillcell to determine cell to use for fill.
getfillcell.tcl up_counter  /usr/local/share/qflow/tech/osu035/osu035_stdcells.lef FILL
Using cell FILL for fill
Running place2def to translate graywolf output to DEF format.
place2def.tcl up_counter FILL 
Running place2def.tcl
DEF database: 100 units per micron
Limits: xbot = -750.0 ybot = -200 xtop = 10030.0 ytop = 9800
Core values: 80.0 100 10160.0 10100
Offsets: 80.0 100
4 routing layers
metal1: 52 vertical tracks from 0um with 2um pitch
metal2: 70 vertical tracks from -3.2um with 1.6um pitch
metal3: 52 vertical tracks from 0um with 2um pitch
metal4: 35 vertical tracks from -3.2um with 3.2um pitch
Summary: Total components = 45
  Fill cells  = 0
  Other cells = 45
Done with place2def.tcl
Running addspacers to generate power stripes and align cell right edge
addspacers.tcl  -stripe 5.0 150.0 PG up_counter  /usr/local/share/qflow/tech/osu035/osu035_stdcells.lef FILL
Reading FILL macros from LEF file.
Reading DEF file up_counter.def. . .
Number of rows is 5
Longest row has width 101.6 um
addspacers:  No room for stripes, pitch reduced from 14880.0 to 4448.0.
addspacers:  Inserting 2 stripes of width 4.8 um (5.0 um requested)
  Pitch 44.48 um, offset 27.2 um
stretch:  Number of components is 82
Analysis of DEF file:
Number of components = 45
New number of components = 82
Number of rows = 5
Adjusting obstructions for power striping
Done with addspacers.tcl
Running arrangepins to adjust pin positions for optimal routing.
arrangepins.tcl  up_counter
Reading info file up_counter.info. . .
Reading DEF file up_counter.def. . .
Recalculating pin positions
Writing DEF file up_counter_mod.def. . .
Done with arrangepins.tcl
blifanno.tcl /home/ranjithd1998/vsdflow/vsdflow/rtl2gds_up_counter_try2/synthesis/up_counter.blif up_counter.def /home/ranjithd1998/vsdflow/vsdflow/rtl2gds_up_counter_try2/synthesis/up_counter_anno.blif
Running blifanno.tcl
Reading DEF file up_counter.def. . .
Done with blifanno.tcl

Generating RTL verilog and SPICE netlist file in directory
   /home/ranjithd1998/vsdflow/vsdflow/rtl2gds_up_counter_try2/synthesis
Files:
   Verilog: /home/ranjithd1998/vsdflow/vsdflow/rtl2gds_up_counter_try2/synthesis/up_counter.rtl.v
   Verilog: /home/ranjithd1998/vsdflow/vsdflow/rtl2gds_up_counter_try2/synthesis/up_counter.rtlnopwr.v
   Verilog: /home/ranjithd1998/vsdflow/vsdflow/rtl2gds_up_counter_try2/synthesis/up_counter.rtlbb.v
   Spice:   /home/ranjithd1998/vsdflow/vsdflow/rtl2gds_up_counter_try2/synthesis/up_counter.spc

Running blif2Verilog.
Running blif2BSpice.
Placement script ended on Tue Dec 10 20:42:26 MST 2024
