Qflow route logfile created on Tue Dec 10 20:43:09 MST 2024
qrouter -noc  -s up_counter.cfg
Qrouter detail maze router version 1.4.59.T
Reading LEF data from file /usr/local/share/qflow/tech/osu035/osu035_stdcells.lef.
LEF Read, Line 135: NOTE:  Old format VIARULE ignored.
LEF Read, Line 136: NOTE:  Old format VIARULE ignored.
LEF Read, Line 140: NOTE:  Old format VIARULE ignored.
LEF Read, Line 141: NOTE:  Old format VIARULE ignored.
LEF Read, Line 151: NOTE:  Old format VIARULE ignored.
LEF Read, Line 152: NOTE:  Old format VIARULE ignored.
LEF Read, Line 156: NOTE:  Old format VIARULE ignored.
LEF Read, Line 157: NOTE:  Old format VIARULE ignored.
LEF Read, Line 167: NOTE:  Old format VIARULE ignored.
LEF Read, Line 168: NOTE:  Old format VIARULE ignored.
LEF Read, Line 172: NOTE:  Old format VIARULE ignored.
LEF Read, Line 173: NOTE:  Old format VIARULE ignored.
LEF file:  Defines site corner (ignored)
LEF file:  Defines site IO (ignored)
LEF file:  Defines site core (ignored)
LEF read: Processed 3179 lines.
LEF Read: encountered 0 errors and 12 warnings total.
Vertical route layer at non-minimum pitch 3.2.  Using smaller pitch 1.6, will route on 1-of-2 tracks for layer metal4.
Reading DEF data from file up_counter.def.
Diagnostic: Design name: "up_counter"
  Processed 3 vias total.
  Processed 82 subcell instances total.
  Processed 13 pins total.
  Processed 49 nets total (0 fixed).
  Processed 2 special nets total (3 fixed).
DEF read: Processed 409 lines.
Output scale = microns / 100, precision 1
No antenna cell defined!
There are 50 nets in this design.
*** Running stage1 routing with defaults
Finished routing net _10_
Nets remaining: 49
Finished routing net clk
Nets remaining: 48
Finished routing net vdd
Nets remaining: 47
Finished routing net _23_
Nets remaining: 46
Finished routing net _25_
Nets remaining: 45
Finished routing net _22_
Nets remaining: 44
Finished routing net _24_
Nets remaining: 43
Finished routing net _26_
Nets remaining: 42
Finished routing net _28_
Nets remaining: 41
Finished routing net enable
Nets remaining: 40
Finished routing net _1_
Nets remaining: 39
Finished routing net _3_
Nets remaining: 38
Finished routing net _6_
Nets remaining: 37
Finished routing net _27_
Nets remaining: 36
Finished routing net _29_
Nets remaining: 35
Finished routing net _5_
Nets remaining: 34
Finished routing net _9_
Nets remaining: 33
Finished routing net _12_
Nets remaining: 32
Finished routing net _14_
Nets remaining: 31
Finished routing net _15_
Nets remaining: 30
Finished routing net _17_
Nets remaining: 29
Finished routing net _2_
Nets remaining: 28
Finished routing net _0_[0]
Nets remaining: 27
Finished routing net _0_[1]
Nets remaining: 26
Finished routing net _4_
Nets remaining: 25
Finished routing net _0_[2]
Nets remaining: 24
Finished routing net _7_
Nets remaining: 23
Finished routing net _8_
Nets remaining: 22
Finished routing net _0_[3]
Nets remaining: 21
Finished routing net _11_
Nets remaining: 20
Finished routing net _0_[4]
Nets remaining: 19
Finished routing net _13_
Nets remaining: 18
Finished routing net _0_[5]
Nets remaining: 17
Finished routing net _16_
Nets remaining: 16
Finished routing net _0_[6]
Nets remaining: 15
Finished routing net _18_
Nets remaining: 14
Finished routing net _19_
Nets remaining: 13
Finished routing net _20_
Nets remaining: 12
Finished routing net _21_
Nets remaining: 11
Finished routing net _0_[7]
Nets remaining: 10
Finished routing net reset
Nets remaining: 9
Finished routing net out0
Nets remaining: 8
Finished routing net out1
Nets remaining: 7
Finished routing net out2
Nets remaining: 6
Finished routing net out3
Nets remaining: 5
Finished routing net out4
Nets remaining: 4
Finished routing net out5
Nets remaining: 3
Finished routing net out6
Nets remaining: 2
Finished routing net out7
Nets remaining: 1

----------------------------------------------
Progress: Stage 1 total routes completed: 108
No failed routes!
----------------------------------------------
*** Running stage3 routing with defaults, 1st round
Finished routing net _10_
Nets remaining: 49
Finished routing net clk
Nets remaining: 48
Keeping route for net vdd
Finished routing net _23_
Nets remaining: 46
Finished routing net _25_
Nets remaining: 45
Finished routing net _22_
Nets remaining: 44
Finished routing net _24_
Nets remaining: 43
Finished routing net _26_
Nets remaining: 42
Finished routing net _28_
Nets remaining: 41
Finished routing net enable
Nets remaining: 40
Finished routing net _1_
Nets remaining: 39
Finished routing net _3_
Nets remaining: 38
Finished routing net _6_
Nets remaining: 37
Finished routing net _27_
Nets remaining: 36
Finished routing net _29_
Nets remaining: 35
Finished routing net _5_
Nets remaining: 34
Finished routing net _9_
Nets remaining: 33
Finished routing net _12_
Nets remaining: 32
Finished routing net _14_
Nets remaining: 31
Finished routing net _15_
Nets remaining: 30
Finished routing net _17_
Nets remaining: 29
Keeping route for net _2_
Finished routing net _0_[0]
Nets remaining: 27
Finished routing net _0_[1]
Nets remaining: 26
Finished routing net _4_
Nets remaining: 25
Finished routing net _0_[2]
Nets remaining: 24
Finished routing net _7_
Nets remaining: 23
Finished routing net _8_
Nets remaining: 22
Finished routing net _0_[3]
Nets remaining: 21
Finished routing net _11_
Nets remaining: 20
Finished routing net _0_[4]
Nets remaining: 19
Finished routing net _13_
Nets remaining: 18
Finished routing net _0_[5]
Nets remaining: 17
Finished routing net _16_
Nets remaining: 16
Finished routing net _0_[6]
Nets remaining: 15
Keeping route for net _18_
Finished routing net _19_
Nets remaining: 13
Finished routing net _20_
Nets remaining: 12
Finished routing net _21_
Nets remaining: 11
Finished routing net _0_[7]
Nets remaining: 10
Keeping route for net reset
Finished routing net out0
Nets remaining: 8
Finished routing net out1
Nets remaining: 7
Finished routing net out2
Nets remaining: 6
Finished routing net out3
Nets remaining: 5
Keeping route for net out4
Finished routing net out5
Nets remaining: 3
Keeping route for net out6
Finished routing net out7
Nets remaining: 1

----------------------------------------------
Progress: Stage 3 total routes completed: 203
No failed routes!
----------------------------------------------
*** Running stage3 routing with defaults, 2nd round
Finished routing net _10_
Nets remaining: 49
Finished routing net clk
Nets remaining: 48
Keeping route for net vdd
Finished routing net _23_
Nets remaining: 46
Finished routing net _25_
Nets remaining: 45
Finished routing net _22_
Nets remaining: 44
Finished routing net _24_
Nets remaining: 43
Finished routing net _26_
Nets remaining: 42
Finished routing net _28_
Nets remaining: 41
Finished routing net enable
Nets remaining: 40
Finished routing net _1_
Nets remaining: 39
Finished routing net _3_
Nets remaining: 38
Finished routing net _6_
Nets remaining: 37
Finished routing net _27_
Nets remaining: 36
Finished routing net _29_
Nets remaining: 35
Finished routing net _5_
Nets remaining: 34
Finished routing net _9_
Nets remaining: 33
Finished routing net _12_
Nets remaining: 32
Finished routing net _14_
Nets remaining: 31
Finished routing net _15_
Nets remaining: 30
Finished routing net _17_
Nets remaining: 29
Keeping route for net _2_
Finished routing net _0_[0]
Nets remaining: 27
Finished routing net _0_[1]
Nets remaining: 26
Finished routing net _4_
Nets remaining: 25
Finished routing net _0_[2]
Nets remaining: 24
Finished routing net _7_
Nets remaining: 23
Finished routing net _8_
Nets remaining: 22
Finished routing net _0_[3]
Nets remaining: 21
Finished routing net _11_
Nets remaining: 20
Finished routing net _0_[4]
Nets remaining: 19
Finished routing net _13_
Nets remaining: 18
Finished routing net _0_[5]
Nets remaining: 17
Finished routing net _16_
Nets remaining: 16
Finished routing net _0_[6]
Nets remaining: 15
Keeping route for net _18_
Finished routing net _19_
Nets remaining: 13
Finished routing net _20_
Nets remaining: 12
Finished routing net _21_
Nets remaining: 11
Finished routing net _0_[7]
Nets remaining: 10
Keeping route for net reset
Finished routing net out0
Nets remaining: 8
Finished routing net out1
Nets remaining: 7
Finished routing net out2
Nets remaining: 6
Finished routing net out3
Nets remaining: 5
Keeping route for net out4
Finished routing net out5
Nets remaining: 3
Keeping route for net out6
Finished routing net out7
Nets remaining: 1

----------------------------------------------
Progress: Stage 3 total routes completed: 298
No failed routes!
----------------------------------------------
*** Writing DEF file up_counter_route.def
emit_routes():  DEF file has 49 nets and 3 specialnets.
but qrouter wants to write 50 nets and specialnets.
----------------------------------------------
Final: No failed routes!
----------------------------------------------
*** Writing RC file up_counter_route.rc
Running annotate.tcl antenna.out /home/ranjithd1998/vsdflow/vsdflow/rtl2gds_up_counter_try2/synthesis/up_counter.rtlnopwr.v
  /home/ranjithd1998/vsdflow/vsdflow/rtl2gds_up_counter_try2/synthesis/up_counter.spc /home/ranjithd1998/vsdflow/vsdflow/rtl2gds_up_counter_try2/synthesis/up_counter.rtlnopwr.anno.v
  /home/ranjithd1998/vsdflow/vsdflow/rtl2gds_up_counter_try2/synthesis/up_counter.anno.spc  /usr/local/share/qflow/tech/osu035/osu035_stdcells.sp /home/ranjithd1998/vsdflow/vsdflow/rtl2gds_up_counter_try2/synthesis/up_counter_powerground
Running annotate.tcl
found cell FILL pinlist vdd gnd
Done with annotate.tcl
Router script ended on Tue Dec 10 20:43:10 MST 2024
